2021-03-25 17:43:23,196:INFO:discord.client: logging in using static token
2021-03-25 17:43:26,237:DEBUG:discord.http: GET https://discord.com/api/v7/users/@me with None has returned 200
2021-03-25 17:43:26,238:DEBUG:discord.http: GET https://discord.com/api/v7/users/@me has received {'id': '824205230778482748', 'username': 'Python Musk', 'avatar': '047ee60ea2e1c7ebd9c6023f00aff02f', 'discriminator': '1657', 'public_flags': 0, 'flags': 0, 'bot': True, 'locale': 'en-US', 'mfa_enabled': False, 'email': None, 'verified': True}
2021-03-25 17:43:26,274:DEBUG:discord.http: GET https://discord.com/api/v7/gateway with None has returned 200
2021-03-25 17:43:26,275:DEBUG:discord.http: GET https://discord.com/api/v7/gateway has received {'url': 'wss://gateway.discord.gg'}
2021-03-25 17:43:29,225:DEBUG:discord.gateway: Created websocket connected to wss://gateway.discord.gg?encoding=json&v=6&compress=zlib-stream
2021-03-25 17:43:29,226:DEBUG:discord.client: Dispatching event socket_raw_receive
2021-03-25 17:43:29,226:DEBUG:discord.gateway: For Shard ID None: WebSocket Event: {'t': None, 's': None, 'op': 10, 'd': {'heartbeat_interval': 41250, '_trace': ['["gateway-prd-main-tfnb",{"micros":0.0}]']}}
2021-03-25 17:43:29,226:DEBUG:discord.client: Dispatching event socket_response
2021-03-25 17:43:29,227:DEBUG:discord.client: Dispatching event socket_raw_send
2021-03-25 17:43:29,229:DEBUG:discord.client: Dispatching event socket_raw_send
2021-03-25 17:43:29,229:INFO:discord.gateway: Shard ID None has sent the IDENTIFY payload.
2021-03-25 17:43:29,368:DEBUG:discord.client: Dispatching event socket_raw_receive
2021-03-25 17:43:29,368:DEBUG:discord.gateway: For Shard ID None: WebSocket Event: {'t': None, 's': None, 'op': 11, 'd': None}
2021-03-25 17:43:29,368:DEBUG:discord.client: Dispatching event socket_response
2021-03-25 17:43:29,555:DEBUG:discord.client: Dispatching event socket_raw_receive
2021-03-25 17:43:29,556:DEBUG:discord.gateway: For Shard ID None: WebSocket Event: {'t': 'READY', 's': 1, 'op': 0, 'd': {'v': 6, 'user_settings': {}, 'user': {'verified': True, 'username': 'Python Musk', 'mfa_enabled': False, 'id': '824205230778482748', 'flags': 0, 'email': None, 'discriminator': '1657', 'bot': True, 'avatar': '047ee60ea2e1c7ebd9c6023f00aff02f'}, 'session_id': 'ba4799166285fca00c505180bcb39248', 'relationships': [], 'private_channels': [], 'presences': [], 'guilds': [{'unavailable': True, 'id': '815222687634817054'}], 'guild_join_requests': [], 'geo_ordered_rtc_regions': ['europe', 'russia', 'india', 'us-east', 'us-central'], 'application': {'id': '824205230778482748', 'flags': 0}, '_trace': ['["gateway-prd-main-tfnb",{"micros":183404,"calls":["discord-sessions-prd-2-45",{"micros":178165,"calls":["start_session",{"micros":137213,"calls":["api-prd-main-qq3c",{"micros":134678,"calls":["get_user",{"micros":2450},"add_authorized_ip",{"micros":8477},"get_guilds",{"micros":54252},"coros_wait",{"micros":0}]}]},"guilds_connect",{"micros":2,"calls":[]},"presence_connect",{"micros":10762,"calls":[]}]}]}]']}}
2021-03-25 17:43:29,556:DEBUG:discord.client: Dispatching event socket_response
2021-03-25 17:43:29,556:INFO:discord.gateway: Shard ID None has connected to Gateway: ["gateway-prd-main-tfnb",{"micros":183404,"calls":["discord-sessions-prd-2-45",{"micros":178165,"calls":["start_session",{"micros":137213,"calls":["api-prd-main-qq3c",{"micros":134678,"calls":["get_user",{"micros":2450},"add_authorized_ip",{"micros":8477},"get_guilds",{"micros":54252},"coros_wait",{"micros":0}]}]},"guilds_connect",{"micros":2,"calls":[]},"presence_connect",{"micros":10762,"calls":[]}]}]}] (Session ID: ba4799166285fca00c505180bcb39248).
2021-03-25 17:43:29,563:DEBUG:discord.client: Dispatching event connect
2021-03-25 17:43:29,563:DEBUG:discord.client: Dispatching event socket_raw_receive
2021-03-25 17:43:29,563:DEBUG:discord.gateway: For Shard ID None: WebSocket Event: {'t': 'GUILD_CREATE', 's': 2, 'op': 0, 'd': {'description': None, 'icon': '3a8bebdaba26fbc968d8dc23f82fdef5', 'banner': None, 'default_message_notifications': 0, 'member_count': 18, 'public_updates_channel_id': None, 'afk_timeout': 300, 'guild_hashes': {'version': 1, 'roles': {'omitted': False, 'hash': 'LlYJfixlBBo'}, 'metadata': {'omitted': False, 'hash': 'CCkWuHsbXcg'}, 'channels': {'omitted': False, 'hash': 'TlVbYKsQ6i4'}}, 'region': 'europe', 'unavailable': False, 'large': False, 'explicit_content_filter': 0, 'voice_states': [{'user_id': '334046318735654932', 'suppress': False, 'session_id': 'be45412c8722647996a9258ed3626acf', 'self_video': False, 'self_mute': True, 'self_deaf': False, 'request_to_speak_timestamp': None, 'mute': False, 'deaf': False, 'channel_id': '815267876679319602'}], 'channels': [{'type': 4, 'position': 0, 'permission_overwrites': [], 'name': 'Text Channels', 'id': '815222689652146216'}, {'type': 4, 'position': 0, 'permission_overwrites': [], 'name': 'Voice Channels', 'id': '815222689652146217'}, {'type': 0, 'topic': None, 'rate_limit_per_user': 0, 'position': 0, 'permission_overwrites': [], 'parent_id': '815222689652146216', 'name': 'general', 'last_message_id': '824679942565527552', 'id': '815222689652146218'}, {'user_limit': 0, 'type': 2, 'rtc_region': None, 'position': 0, 'permission_overwrites': [], 'parent_id': '815222689652146217', 'name': 'Q&A', 'id': '815222690376843305', 'bitrate': 64000}, {'user_limit': 0, 'type': 2, 'rtc_region': None, 'position': 1, 'permission_overwrites': [], 'parent_id': '815222689652146217', 'name': 'Studying', 'id': '815267876679319602', 'bitrate': 64000}, {'user_limit': 0, 'type': 2, 'rtc_region': None, 'position': 2, 'permission_overwrites': [], 'parent_id': '815222689652146217', 'name': 'Chillout', 'id': '815267954924584981', 'bitrate': 64000}, {'type': 0, 'topic': None, 'rate_limit_per_user': 0, 'position': 1, 'permission_overwrites': [], 'parent_id': '815222689652146216', 'name': 'questions', 'last_message_id': '821662211255566347', 'id': '815268081294376981'}, {'user_limit': 0, 'type': 2, 'rtc_region': None, 'position': 3, 'permission_overwrites': [], 'parent_id': '815222689652146217', 'name': 'CSÉ:GO', 'id': '815636244524302346', 'bitrate': 64000}, {'type': 0, 'topic': None, 'rate_limit_per_user': 0, 'position': 2, 'permission_overwrites': [{'type': 'role', 'id': '815222687634817054', 'deny_new': '1024', 'deny': 1024, 'allow_new': '0', 'allow': 0}], 'parent_id': '815222689652146216', 'nsfw': False, 'name': 'test', 'last_message_id': '824624083214794802', 'id': '824306706673696790'}], 'lazy': True, 'emojis': [], 'discovery_splash': None, 'premium_subscription_count': 0, 'presences': [], 'splash': None, 'afk_channel_id': None, 'name': 'Python', 'application_id': None, 'mfa_level': 0, 'max_members': 100000, 'members': [{'user': {'username': 'Anky', 'id': '334046318735654932', 'discriminator': '5319', 'avatar': '3c94370f3f619c651b5c76cd0629753b'}, 'roles': [], 'premium_since': None, 'pending': False, 'nick': None, 'mute': False, 'joined_at': '2021-02-27T14:03:54.884000+00:00', 'is_pending': False, 'hoisted_role': None, 'deaf': False}, {'user': {'username': 'Anky', 'id': '334046318735654932', 'discriminator': '5319', 'avatar': '3c94370f3f619c651b5c76cd0629753b'}, 'roles': [], 'premium_since': None, 'pending': False, 'nick': None, 'mute': False, 'joined_at': '2021-02-27T14:03:54.884000+00:00', 'is_pending': False, 'hoisted_role': None, 'deaf': False}, {'user': {'username': 'Python Musk', 'id': '824205230778482748', 'discriminator': '1657', 'bot': True, 'avatar': '047ee60ea2e1c7ebd9c6023f00aff02f'}, 'roles': ['824303729905500171'], 'premium_since': None, 'pending': False, 'nick': None, 'mute': False, 'joined_at': '2021-03-24T15:28:44.063021+00:00', 'is_pending': False, 'hoisted_role': None, 'deaf': False}], 'joined_at': '2021-03-24T15:28:44.063021+00:00', 'verification_level': 0, 'system_channel_flags': 0, 'system_channel_id': '815222689652146218', 'vanity_url_code': None, 'premium_tier': 0, 'preferred_locale': 'en-US', 'rules_channel_id': None, 'owner_id': '334046318735654932', 'features': [], 'threads': [], 'id': '815222687634817054', 'roles': [{'position': 0, 'permissions_new': '6546771521', 'permissions': 104320577, 'name': '@everyone', 'mentionable': False, 'managed': False, 'id': '815222687634817054', 'hoist': False, 'color': 0}, {'position': 1, 'permissions_new': '8589410303', 'permissions': 2146959359, 'name': 'moderator', 'mentionable': False, 'managed': False, 'id': '824303330817605662', 'hoist': False, 'color': 1752220}, {'tags': {'bot_id': '824205230778482748'}, 'position': 1, 'permissions_new': '8', 'permissions': 8, 'name': 'Python Musk', 'mentionable': False, 'managed': True, 'id': '824303729905500171', 'hoist': False, 'color': 0}], 'max_video_channel_users': 25}}
2021-03-25 17:43:29,564:DEBUG:discord.client: Dispatching event socket_response
2021-03-25 17:43:29,564:DEBUG:discord.client: Dispatching event guild_available
2021-03-25 17:43:31,575:DEBUG:discord.client: Dispatching event ready
2021-03-25 17:44:10,479:DEBUG:discord.gateway: Keeping shard ID None websocket alive with sequence 2.
2021-03-25 17:44:10,626:DEBUG:discord.client: Dispatching event socket_raw_receive
2021-03-25 17:44:10,626:DEBUG:discord.gateway: For Shard ID None: WebSocket Event: {'t': None, 's': None, 'op': 11, 'd': None}
2021-03-25 17:44:10,626:DEBUG:discord.client: Dispatching event socket_response
2021-03-25 17:44:51,734:DEBUG:discord.gateway: Keeping shard ID None websocket alive with sequence 2.
2021-03-25 17:44:51,883:DEBUG:discord.client: Dispatching event socket_raw_receive
2021-03-25 17:44:51,883:DEBUG:discord.gateway: For Shard ID None: WebSocket Event: {'t': None, 's': None, 'op': 11, 'd': None}
2021-03-25 17:44:51,883:DEBUG:discord.client: Dispatching event socket_response
2021-03-25 17:45:32,993:DEBUG:discord.gateway: Keeping shard ID None websocket alive with sequence 2.
2021-03-25 17:45:33,147:DEBUG:discord.client: Dispatching event socket_raw_receive
2021-03-25 17:45:33,147:DEBUG:discord.gateway: For Shard ID None: WebSocket Event: {'t': None, 's': None, 'op': 11, 'd': None}
2021-03-25 17:45:33,147:DEBUG:discord.client: Dispatching event socket_response
2021-03-25 17:46:14,245:DEBUG:discord.gateway: Keeping shard ID None websocket alive with sequence 2.
2021-03-25 17:46:14,383:DEBUG:discord.client: Dispatching event socket_raw_receive
2021-03-25 17:46:14,383:DEBUG:discord.gateway: For Shard ID None: WebSocket Event: {'t': None, 's': None, 'op': 11, 'd': None}
2021-03-25 17:46:14,383:DEBUG:discord.client: Dispatching event socket_response
2021-03-25 17:46:55,510:DEBUG:discord.gateway: Keeping shard ID None websocket alive with sequence 2.
2021-03-25 17:46:55,662:DEBUG:discord.client: Dispatching event socket_raw_receive
2021-03-25 17:46:55,662:DEBUG:discord.gateway: For Shard ID None: WebSocket Event: {'t': None, 's': None, 'op': 11, 'd': None}
2021-03-25 17:46:55,663:DEBUG:discord.client: Dispatching event socket_response
2021-03-25 17:47:36,762:DEBUG:discord.gateway: Keeping shard ID None websocket alive with sequence 2.
2021-03-25 17:47:36,901:DEBUG:discord.client: Dispatching event socket_raw_receive
2021-03-25 17:47:36,901:DEBUG:discord.gateway: For Shard ID None: WebSocket Event: {'t': None, 's': None, 'op': 11, 'd': None}
2021-03-25 17:47:36,902:DEBUG:discord.client: Dispatching event socket_response
2021-03-25 17:48:18,016:DEBUG:discord.gateway: Keeping shard ID None websocket alive with sequence 2.
2021-03-25 17:48:18,152:DEBUG:discord.client: Dispatching event socket_raw_receive
2021-03-25 17:48:18,152:DEBUG:discord.gateway: For Shard ID None: WebSocket Event: {'t': None, 's': None, 'op': 11, 'd': None}
2021-03-25 17:48:18,152:DEBUG:discord.client: Dispatching event socket_response
2021-03-25 17:48:59,281:DEBUG:discord.gateway: Keeping shard ID None websocket alive with sequence 2.
2021-03-25 17:48:59,418:DEBUG:discord.client: Dispatching event socket_raw_receive
2021-03-25 17:48:59,419:DEBUG:discord.gateway: For Shard ID None: WebSocket Event: {'t': None, 's': None, 'op': 11, 'd': None}
2021-03-25 17:48:59,419:DEBUG:discord.client: Dispatching event socket_response
2021-03-25 17:49:40,533:DEBUG:discord.gateway: Keeping shard ID None websocket alive with sequence 2.
2021-03-25 17:49:40,672:DEBUG:discord.client: Dispatching event socket_raw_receive
2021-03-25 17:49:40,672:DEBUG:discord.gateway: For Shard ID None: WebSocket Event: {'t': None, 's': None, 'op': 11, 'd': None}
2021-03-25 17:49:40,672:DEBUG:discord.client: Dispatching event socket_response
2021-03-25 17:50:21,785:DEBUG:discord.gateway: Keeping shard ID None websocket alive with sequence 2.
2021-03-25 17:50:21,945:DEBUG:discord.client: Dispatching event socket_raw_receive
2021-03-25 17:50:21,945:DEBUG:discord.gateway: For Shard ID None: WebSocket Event: {'t': None, 's': None, 'op': 11, 'd': None}
2021-03-25 17:50:21,946:DEBUG:discord.client: Dispatching event socket_response
2021-03-25 17:51:03,036:DEBUG:discord.gateway: Keeping shard ID None websocket alive with sequence 2.
2021-03-25 17:51:03,182:DEBUG:discord.client: Dispatching event socket_raw_receive
2021-03-25 17:51:03,182:DEBUG:discord.gateway: For Shard ID None: WebSocket Event: {'t': None, 's': None, 'op': 11, 'd': None}
2021-03-25 17:51:03,182:DEBUG:discord.client: Dispatching event socket_response
2021-03-25 17:51:44,290:DEBUG:discord.gateway: Keeping shard ID None websocket alive with sequence 2.
2021-03-25 17:51:44,429:DEBUG:discord.client: Dispatching event socket_raw_receive
2021-03-25 17:51:44,429:DEBUG:discord.gateway: For Shard ID None: WebSocket Event: {'t': None, 's': None, 'op': 11, 'd': None}
2021-03-25 17:51:44,430:DEBUG:discord.client: Dispatching event socket_response
2021-03-25 17:52:25,551:DEBUG:discord.gateway: Keeping shard ID None websocket alive with sequence 2.
2021-03-25 17:52:25,696:DEBUG:discord.client: Dispatching event socket_raw_receive
2021-03-25 17:52:25,696:DEBUG:discord.gateway: For Shard ID None: WebSocket Event: {'t': None, 's': None, 'op': 11, 'd': None}
2021-03-25 17:52:25,696:DEBUG:discord.client: Dispatching event socket_response
2021-03-25 17:53:06,813:DEBUG:discord.gateway: Keeping shard ID None websocket alive with sequence 2.
2021-03-25 17:53:06,965:DEBUG:discord.client: Dispatching event socket_raw_receive
2021-03-25 17:53:06,965:DEBUG:discord.gateway: For Shard ID None: WebSocket Event: {'t': None, 's': None, 'op': 11, 'd': None}
2021-03-25 17:53:06,965:DEBUG:discord.client: Dispatching event socket_response
2021-03-25 17:53:48,073:DEBUG:discord.gateway: Keeping shard ID None websocket alive with sequence 2.
2021-03-25 17:53:48,213:DEBUG:discord.client: Dispatching event socket_raw_receive
2021-03-25 17:53:48,213:DEBUG:discord.gateway: For Shard ID None: WebSocket Event: {'t': None, 's': None, 'op': 11, 'd': None}
2021-03-25 17:53:48,213:DEBUG:discord.client: Dispatching event socket_response
2021-03-25 17:54:29,327:DEBUG:discord.gateway: Keeping shard ID None websocket alive with sequence 2.
2021-03-25 17:54:29,465:DEBUG:discord.client: Dispatching event socket_raw_receive
2021-03-25 17:54:29,466:DEBUG:discord.gateway: For Shard ID None: WebSocket Event: {'t': None, 's': None, 'op': 11, 'd': None}
2021-03-25 17:54:29,466:DEBUG:discord.client: Dispatching event socket_response
2021-03-25 17:55:10,581:DEBUG:discord.gateway: Keeping shard ID None websocket alive with sequence 2.
2021-03-25 17:55:10,723:DEBUG:discord.client: Dispatching event socket_raw_receive
2021-03-25 17:55:10,723:DEBUG:discord.gateway: For Shard ID None: WebSocket Event: {'t': None, 's': None, 'op': 11, 'd': None}
2021-03-25 17:55:10,723:DEBUG:discord.client: Dispatching event socket_response
2021-03-25 17:55:51,836:DEBUG:discord.gateway: Keeping shard ID None websocket alive with sequence 2.
2021-03-25 17:55:51,975:DEBUG:discord.client: Dispatching event socket_raw_receive
2021-03-25 17:55:51,976:DEBUG:discord.gateway: For Shard ID None: WebSocket Event: {'t': None, 's': None, 'op': 11, 'd': None}
2021-03-25 17:55:51,976:DEBUG:discord.client: Dispatching event socket_response
2021-03-25 17:56:33,101:DEBUG:discord.gateway: Keeping shard ID None websocket alive with sequence 2.
2021-03-25 17:56:33,240:DEBUG:discord.client: Dispatching event socket_raw_receive
2021-03-25 17:56:33,240:DEBUG:discord.gateway: For Shard ID None: WebSocket Event: {'t': None, 's': None, 'op': 11, 'd': None}
2021-03-25 17:56:33,240:DEBUG:discord.client: Dispatching event socket_response
2021-03-25 17:57:14,359:DEBUG:discord.gateway: Keeping shard ID None websocket alive with sequence 2.
2021-03-25 17:57:14,540:DEBUG:discord.client: Dispatching event socket_raw_receive
2021-03-25 17:57:14,541:DEBUG:discord.gateway: For Shard ID None: WebSocket Event: {'t': None, 's': None, 'op': 11, 'd': None}
2021-03-25 17:57:14,541:DEBUG:discord.client: Dispatching event socket_response
2021-03-25 17:57:55,616:DEBUG:discord.gateway: Keeping shard ID None websocket alive with sequence 2.
2021-03-25 17:57:55,754:DEBUG:discord.client: Dispatching event socket_raw_receive
2021-03-25 17:57:55,754:DEBUG:discord.gateway: For Shard ID None: WebSocket Event: {'t': None, 's': None, 'op': 11, 'd': None}
2021-03-25 17:57:55,754:DEBUG:discord.client: Dispatching event socket_response
2021-03-25 17:58:36,877:DEBUG:discord.gateway: Keeping shard ID None websocket alive with sequence 2.
2021-03-25 17:58:37,089:DEBUG:discord.client: Dispatching event socket_raw_receive
2021-03-25 17:58:37,089:DEBUG:discord.gateway: For Shard ID None: WebSocket Event: {'t': None, 's': None, 'op': 11, 'd': None}
2021-03-25 17:58:37,089:DEBUG:discord.client: Dispatching event socket_response
2021-03-25 17:59:18,131:DEBUG:discord.gateway: Keeping shard ID None websocket alive with sequence 2.
2021-03-25 17:59:18,269:DEBUG:discord.client: Dispatching event socket_raw_receive
2021-03-25 17:59:18,269:DEBUG:discord.gateway: For Shard ID None: WebSocket Event: {'t': None, 's': None, 'op': 11, 'd': None}
2021-03-25 17:59:18,270:DEBUG:discord.client: Dispatching event socket_response
2021-03-25 17:59:59,390:DEBUG:discord.gateway: Keeping shard ID None websocket alive with sequence 2.
2021-03-25 17:59:59,528:DEBUG:discord.client: Dispatching event socket_raw_receive
2021-03-25 17:59:59,529:DEBUG:discord.gateway: For Shard ID None: WebSocket Event: {'t': None, 's': None, 'op': 11, 'd': None}
2021-03-25 17:59:59,529:DEBUG:discord.client: Dispatching event socket_response
2021-03-25 18:00:40,648:DEBUG:discord.gateway: Keeping shard ID None websocket alive with sequence 2.
2021-03-25 18:00:40,794:DEBUG:discord.client: Dispatching event socket_raw_receive
2021-03-25 18:00:40,795:DEBUG:discord.gateway: For Shard ID None: WebSocket Event: {'t': None, 's': None, 'op': 11, 'd': None}
2021-03-25 18:00:40,795:DEBUG:discord.client: Dispatching event socket_response
2021-03-25 18:01:21,905:DEBUG:discord.gateway: Keeping shard ID None websocket alive with sequence 2.
2021-03-25 18:01:22,045:DEBUG:discord.client: Dispatching event socket_raw_receive
2021-03-25 18:01:22,045:DEBUG:discord.gateway: For Shard ID None: WebSocket Event: {'t': None, 's': None, 'op': 11, 'd': None}
2021-03-25 18:01:22,045:DEBUG:discord.client: Dispatching event socket_response
2021-03-25 18:02:03,163:DEBUG:discord.gateway: Keeping shard ID None websocket alive with sequence 2.
2021-03-25 18:02:03,310:DEBUG:discord.client: Dispatching event socket_raw_receive
2021-03-25 18:02:03,310:DEBUG:discord.gateway: For Shard ID None: WebSocket Event: {'t': None, 's': None, 'op': 11, 'd': None}
2021-03-25 18:02:03,310:DEBUG:discord.client: Dispatching event socket_response
2021-03-25 18:02:44,425:DEBUG:discord.gateway: Keeping shard ID None websocket alive with sequence 2.
2021-03-25 18:02:44,567:DEBUG:discord.client: Dispatching event socket_raw_receive
2021-03-25 18:02:44,567:DEBUG:discord.gateway: For Shard ID None: WebSocket Event: {'t': None, 's': None, 'op': 11, 'd': None}
2021-03-25 18:02:44,567:DEBUG:discord.client: Dispatching event socket_response
2021-03-25 18:03:25,687:DEBUG:discord.gateway: Keeping shard ID None websocket alive with sequence 2.
2021-03-25 18:03:25,882:DEBUG:discord.client: Dispatching event socket_raw_receive
2021-03-25 18:03:25,882:DEBUG:discord.gateway: For Shard ID None: WebSocket Event: {'t': None, 's': None, 'op': 11, 'd': None}
2021-03-25 18:03:25,882:DEBUG:discord.client: Dispatching event socket_response
2021-03-25 18:04:06,938:DEBUG:discord.gateway: Keeping shard ID None websocket alive with sequence 2.
2021-03-25 18:04:07,126:DEBUG:discord.client: Dispatching event socket_raw_receive
2021-03-25 18:04:07,126:DEBUG:discord.gateway: For Shard ID None: WebSocket Event: {'t': None, 's': None, 'op': 11, 'd': None}
2021-03-25 18:04:07,126:DEBUG:discord.client: Dispatching event socket_response
2021-03-25 18:04:48,195:DEBUG:discord.gateway: Keeping shard ID None websocket alive with sequence 2.
2021-03-25 18:04:48,337:DEBUG:discord.client: Dispatching event socket_raw_receive
2021-03-25 18:04:48,337:DEBUG:discord.gateway: For Shard ID None: WebSocket Event: {'t': None, 's': None, 'op': 11, 'd': None}
2021-03-25 18:04:48,338:DEBUG:discord.client: Dispatching event socket_response
2021-03-25 18:05:29,460:DEBUG:discord.gateway: Keeping shard ID None websocket alive with sequence 2.
2021-03-25 18:05:29,598:DEBUG:discord.client: Dispatching event socket_raw_receive
2021-03-25 18:05:29,598:DEBUG:discord.gateway: For Shard ID None: WebSocket Event: {'t': None, 's': None, 'op': 11, 'd': None}
2021-03-25 18:05:29,598:DEBUG:discord.client: Dispatching event socket_response
2021-03-25 18:06:10,720:DEBUG:discord.gateway: Keeping shard ID None websocket alive with sequence 2.
2021-03-25 18:06:10,860:DEBUG:discord.client: Dispatching event socket_raw_receive
2021-03-25 18:06:10,861:DEBUG:discord.gateway: For Shard ID None: WebSocket Event: {'t': None, 's': None, 'op': 11, 'd': None}
2021-03-25 18:06:10,861:DEBUG:discord.client: Dispatching event socket_response
2021-03-25 18:06:51,983:DEBUG:discord.gateway: Keeping shard ID None websocket alive with sequence 2.
2021-03-25 18:06:52,122:DEBUG:discord.client: Dispatching event socket_raw_receive
2021-03-25 18:06:52,122:DEBUG:discord.gateway: For Shard ID None: WebSocket Event: {'t': None, 's': None, 'op': 11, 'd': None}
2021-03-25 18:06:52,122:DEBUG:discord.client: Dispatching event socket_response
2021-03-25 18:07:33,242:DEBUG:discord.gateway: Keeping shard ID None websocket alive with sequence 2.
2021-03-25 18:07:33,384:DEBUG:discord.client: Dispatching event socket_raw_receive
2021-03-25 18:07:33,384:DEBUG:discord.gateway: For Shard ID None: WebSocket Event: {'t': None, 's': None, 'op': 11, 'd': None}
2021-03-25 18:07:33,384:DEBUG:discord.client: Dispatching event socket_response
2021-03-25 18:08:02,964:DEBUG:discord.client: Dispatching event socket_raw_receive
2021-03-25 18:08:02,965:DEBUG:discord.gateway: For Shard ID None: WebSocket Event: {'t': 'VOICE_STATE_UPDATE', 's': 3, 'op': 0, 'd': {'member': {'user': {'username': 'Remi', 'id': '427780196494475274', 'discriminator': '2151', 'avatar': None}, 'roles': [], 'premium_since': None, 'pending': False, 'nick': None, 'mute': False, 'joined_at': '2021-03-11T18:03:32.433094+00:00', 'is_pending': False, 'hoisted_role': None, 'deaf': False}, 'user_id': '427780196494475274', 'suppress': False, 'session_id': 'a79918b6f187075b2e09c4638565bb52', 'self_video': False, 'self_mute': False, 'self_deaf': False, 'request_to_speak_timestamp': None, 'mute': False, 'guild_id': '815222687634817054', 'deaf': False, 'channel_id': '815267876679319602'}}
2021-03-25 18:08:02,965:DEBUG:discord.client: Dispatching event socket_response
2021-03-25 18:08:02,965:DEBUG:discord.client: Dispatching event voice_state_update
2021-03-25 18:08:06,174:DEBUG:discord.client: Dispatching event socket_raw_receive
2021-03-25 18:08:06,174:DEBUG:discord.gateway: For Shard ID None: WebSocket Event: {'t': 'VOICE_STATE_UPDATE', 's': 4, 'op': 0, 'd': {'member': {'user': {'username': 'Haricles', 'id': '682300428628787247', 'discriminator': '2527', 'avatar': 'bb228fc16160e3a4c73c2db03df025b4'}, 'roles': [], 'premium_since': None, 'pending': False, 'nick': None, 'mute': False, 'joined_at': '2021-03-11T18:03:15.338709+00:00', 'is_pending': False, 'hoisted_role': None, 'deaf': False}, 'user_id': '682300428628787247', 'suppress': False, 'session_id': 'fa6f0f17034dbf3f10e5457271e0d5be', 'self_video': False, 'self_mute': False, 'self_deaf': False, 'request_to_speak_timestamp': None, 'mute': False, 'guild_id': '815222687634817054', 'deaf': False, 'channel_id': '815267876679319602'}}
2021-03-25 18:08:06,175:DEBUG:discord.client: Dispatching event socket_response
2021-03-25 18:08:06,175:DEBUG:discord.client: Dispatching event voice_state_update
2021-03-25 18:08:14,497:DEBUG:discord.gateway: Keeping shard ID None websocket alive with sequence 4.
2021-03-25 18:08:14,637:DEBUG:discord.client: Dispatching event socket_raw_receive
2021-03-25 18:08:14,637:DEBUG:discord.gateway: For Shard ID None: WebSocket Event: {'t': None, 's': None, 'op': 11, 'd': None}
2021-03-25 18:08:14,637:DEBUG:discord.client: Dispatching event socket_response
2021-03-25 18:08:55,757:DEBUG:discord.gateway: Keeping shard ID None websocket alive with sequence 4.
2021-03-25 18:08:55,896:DEBUG:discord.client: Dispatching event socket_raw_receive
2021-03-25 18:08:55,896:DEBUG:discord.gateway: For Shard ID None: WebSocket Event: {'t': None, 's': None, 'op': 11, 'd': None}
2021-03-25 18:08:55,896:DEBUG:discord.client: Dispatching event socket_response
2021-03-25 18:09:37,016:DEBUG:discord.gateway: Keeping shard ID None websocket alive with sequence 4.
2021-03-25 18:09:37,154:DEBUG:discord.client: Dispatching event socket_raw_receive
2021-03-25 18:09:37,154:DEBUG:discord.gateway: For Shard ID None: WebSocket Event: {'t': None, 's': None, 'op': 11, 'd': None}
2021-03-25 18:09:37,154:DEBUG:discord.client: Dispatching event socket_response
2021-03-25 18:10:18,278:DEBUG:discord.gateway: Keeping shard ID None websocket alive with sequence 4.
2021-03-25 18:10:18,418:DEBUG:discord.client: Dispatching event socket_raw_receive
2021-03-25 18:10:18,418:DEBUG:discord.gateway: For Shard ID None: WebSocket Event: {'t': None, 's': None, 'op': 11, 'd': None}
2021-03-25 18:10:18,418:DEBUG:discord.client: Dispatching event socket_response
2021-03-25 18:10:59,529:DEBUG:discord.gateway: Keeping shard ID None websocket alive with sequence 4.
2021-03-25 18:10:59,668:DEBUG:discord.client: Dispatching event socket_raw_receive
2021-03-25 18:10:59,668:DEBUG:discord.gateway: For Shard ID None: WebSocket Event: {'t': None, 's': None, 'op': 11, 'd': None}
2021-03-25 18:10:59,668:DEBUG:discord.client: Dispatching event socket_response
2021-03-25 18:11:40,795:DEBUG:discord.gateway: Keeping shard ID None websocket alive with sequence 4.
2021-03-25 18:11:40,935:DEBUG:discord.client: Dispatching event socket_raw_receive
2021-03-25 18:11:40,935:DEBUG:discord.gateway: For Shard ID None: WebSocket Event: {'t': None, 's': None, 'op': 11, 'd': None}
2021-03-25 18:11:40,935:DEBUG:discord.client: Dispatching event socket_response
2021-03-25 18:12:22,054:DEBUG:discord.gateway: Keeping shard ID None websocket alive with sequence 4.
2021-03-25 18:12:22,202:DEBUG:discord.client: Dispatching event socket_raw_receive
2021-03-25 18:12:22,202:DEBUG:discord.gateway: For Shard ID None: WebSocket Event: {'t': None, 's': None, 'op': 11, 'd': None}
2021-03-25 18:12:22,203:DEBUG:discord.client: Dispatching event socket_response
2021-03-25 18:13:03,320:DEBUG:discord.gateway: Keeping shard ID None websocket alive with sequence 4.
2021-03-25 18:13:03,461:DEBUG:discord.client: Dispatching event socket_raw_receive
2021-03-25 18:13:03,461:DEBUG:discord.gateway: For Shard ID None: WebSocket Event: {'t': None, 's': None, 'op': 11, 'd': None}
2021-03-25 18:13:03,461:DEBUG:discord.client: Dispatching event socket_response
2021-03-25 18:13:44,577:DEBUG:discord.gateway: Keeping shard ID None websocket alive with sequence 4.
2021-03-25 18:13:44,715:DEBUG:discord.client: Dispatching event socket_raw_receive
2021-03-25 18:13:44,715:DEBUG:discord.gateway: For Shard ID None: WebSocket Event: {'t': None, 's': None, 'op': 11, 'd': None}
2021-03-25 18:13:44,715:DEBUG:discord.client: Dispatching event socket_response
2021-03-25 18:14:25,835:DEBUG:discord.gateway: Keeping shard ID None websocket alive with sequence 4.
2021-03-25 18:14:26,069:DEBUG:discord.client: Dispatching event socket_raw_receive
2021-03-25 18:14:26,069:DEBUG:discord.gateway: For Shard ID None: WebSocket Event: {'t': None, 's': None, 'op': 11, 'd': None}
2021-03-25 18:14:26,069:DEBUG:discord.client: Dispatching event socket_response
2021-03-25 18:15:07,090:DEBUG:discord.gateway: Keeping shard ID None websocket alive with sequence 4.
2021-03-25 18:15:07,332:DEBUG:discord.client: Dispatching event socket_raw_receive
2021-03-25 18:15:07,332:DEBUG:discord.gateway: For Shard ID None: WebSocket Event: {'t': None, 's': None, 'op': 11, 'd': None}
2021-03-25 18:15:07,332:DEBUG:discord.client: Dispatching event socket_response
2021-03-25 18:15:48,346:DEBUG:discord.gateway: Keeping shard ID None websocket alive with sequence 4.
2021-03-25 18:15:48,486:DEBUG:discord.client: Dispatching event socket_raw_receive
2021-03-25 18:15:48,486:DEBUG:discord.gateway: For Shard ID None: WebSocket Event: {'t': None, 's': None, 'op': 11, 'd': None}
2021-03-25 18:15:48,486:DEBUG:discord.client: Dispatching event socket_response
2021-03-25 18:16:29,610:DEBUG:discord.gateway: Keeping shard ID None websocket alive with sequence 4.
2021-03-25 18:16:29,747:DEBUG:discord.client: Dispatching event socket_raw_receive
2021-03-25 18:16:29,747:DEBUG:discord.gateway: For Shard ID None: WebSocket Event: {'t': None, 's': None, 'op': 11, 'd': None}
2021-03-25 18:16:29,747:DEBUG:discord.client: Dispatching event socket_response
2021-03-25 18:17:10,872:DEBUG:discord.gateway: Keeping shard ID None websocket alive with sequence 4.
2021-03-25 18:17:11,021:DEBUG:discord.client: Dispatching event socket_raw_receive
2021-03-25 18:17:11,021:DEBUG:discord.gateway: For Shard ID None: WebSocket Event: {'t': None, 's': None, 'op': 11, 'd': None}
2021-03-25 18:17:11,021:DEBUG:discord.client: Dispatching event socket_response
2021-03-25 18:17:52,125:DEBUG:discord.gateway: Keeping shard ID None websocket alive with sequence 4.
2021-03-25 18:17:52,264:DEBUG:discord.client: Dispatching event socket_raw_receive
2021-03-25 18:17:52,264:DEBUG:discord.gateway: For Shard ID None: WebSocket Event: {'t': None, 's': None, 'op': 11, 'd': None}
2021-03-25 18:17:52,264:DEBUG:discord.client: Dispatching event socket_response
2021-03-25 18:18:33,391:DEBUG:discord.gateway: Keeping shard ID None websocket alive with sequence 4.
2021-03-25 18:18:33,530:DEBUG:discord.client: Dispatching event socket_raw_receive
2021-03-25 18:18:33,531:DEBUG:discord.gateway: For Shard ID None: WebSocket Event: {'t': None, 's': None, 'op': 11, 'd': None}
2021-03-25 18:18:33,531:DEBUG:discord.client: Dispatching event socket_response
2021-03-25 18:19:14,649:DEBUG:discord.gateway: Keeping shard ID None websocket alive with sequence 4.
2021-03-25 18:19:14,810:DEBUG:discord.client: Dispatching event socket_raw_receive
2021-03-25 18:19:14,810:DEBUG:discord.gateway: For Shard ID None: WebSocket Event: {'t': None, 's': None, 'op': 11, 'd': None}
2021-03-25 18:19:14,810:DEBUG:discord.client: Dispatching event socket_response
2021-03-25 18:19:55,911:DEBUG:discord.gateway: Keeping shard ID None websocket alive with sequence 4.
2021-03-25 18:19:56,052:DEBUG:discord.client: Dispatching event socket_raw_receive
2021-03-25 18:19:56,053:DEBUG:discord.gateway: For Shard ID None: WebSocket Event: {'t': None, 's': None, 'op': 11, 'd': None}
2021-03-25 18:19:56,053:DEBUG:discord.client: Dispatching event socket_response
2021-03-25 18:20:37,169:DEBUG:discord.gateway: Keeping shard ID None websocket alive with sequence 4.
2021-03-25 18:20:37,322:DEBUG:discord.client: Dispatching event socket_raw_receive
2021-03-25 18:20:37,323:DEBUG:discord.gateway: For Shard ID None: WebSocket Event: {'t': None, 's': None, 'op': 11, 'd': None}
2021-03-25 18:20:37,323:DEBUG:discord.client: Dispatching event socket_response
2021-03-25 18:21:18,429:DEBUG:discord.gateway: Keeping shard ID None websocket alive with sequence 4.
2021-03-25 18:21:18,571:DEBUG:discord.client: Dispatching event socket_raw_receive
2021-03-25 18:21:18,571:DEBUG:discord.gateway: For Shard ID None: WebSocket Event: {'t': None, 's': None, 'op': 11, 'd': None}
2021-03-25 18:21:18,571:DEBUG:discord.client: Dispatching event socket_response
2021-03-25 18:21:59,685:DEBUG:discord.gateway: Keeping shard ID None websocket alive with sequence 4.
2021-03-25 18:21:59,822:DEBUG:discord.client: Dispatching event socket_raw_receive
2021-03-25 18:21:59,822:DEBUG:discord.gateway: For Shard ID None: WebSocket Event: {'t': None, 's': None, 'op': 11, 'd': None}
2021-03-25 18:21:59,822:DEBUG:discord.client: Dispatching event socket_response
2021-03-25 18:22:40,949:DEBUG:discord.gateway: Keeping shard ID None websocket alive with sequence 4.
2021-03-25 18:22:41,088:DEBUG:discord.client: Dispatching event socket_raw_receive
2021-03-25 18:22:41,088:DEBUG:discord.gateway: For Shard ID None: WebSocket Event: {'t': None, 's': None, 'op': 11, 'd': None}
2021-03-25 18:22:41,089:DEBUG:discord.client: Dispatching event socket_response
2021-03-25 18:23:22,202:DEBUG:discord.gateway: Keeping shard ID None websocket alive with sequence 4.
2021-03-25 18:23:22,338:DEBUG:discord.client: Dispatching event socket_raw_receive
2021-03-25 18:23:22,339:DEBUG:discord.gateway: For Shard ID None: WebSocket Event: {'t': None, 's': None, 'op': 11, 'd': None}
2021-03-25 18:23:22,339:DEBUG:discord.client: Dispatching event socket_response
2021-03-25 18:24:03,452:DEBUG:discord.gateway: Keeping shard ID None websocket alive with sequence 4.
2021-03-25 18:24:03,591:DEBUG:discord.client: Dispatching event socket_raw_receive
2021-03-25 18:24:03,591:DEBUG:discord.gateway: For Shard ID None: WebSocket Event: {'t': None, 's': None, 'op': 11, 'd': None}
2021-03-25 18:24:03,591:DEBUG:discord.client: Dispatching event socket_response
2021-03-25 18:24:44,717:DEBUG:discord.gateway: Keeping shard ID None websocket alive with sequence 4.
2021-03-25 18:24:44,862:DEBUG:discord.client: Dispatching event socket_raw_receive
2021-03-25 18:24:44,862:DEBUG:discord.gateway: For Shard ID None: WebSocket Event: {'t': None, 's': None, 'op': 11, 'd': None}
2021-03-25 18:24:44,862:DEBUG:discord.client: Dispatching event socket_response
2021-03-25 18:25:25,979:DEBUG:discord.gateway: Keeping shard ID None websocket alive with sequence 4.
2021-03-25 18:25:26,118:DEBUG:discord.client: Dispatching event socket_raw_receive
2021-03-25 18:25:26,118:DEBUG:discord.gateway: For Shard ID None: WebSocket Event: {'t': None, 's': None, 'op': 11, 'd': None}
2021-03-25 18:25:26,118:DEBUG:discord.client: Dispatching event socket_response
2021-03-25 18:26:07,245:DEBUG:discord.gateway: Keeping shard ID None websocket alive with sequence 4.
2021-03-25 18:26:07,383:DEBUG:discord.client: Dispatching event socket_raw_receive
2021-03-25 18:26:07,384:DEBUG:discord.gateway: For Shard ID None: WebSocket Event: {'t': None, 's': None, 'op': 11, 'd': None}
2021-03-25 18:26:07,384:DEBUG:discord.client: Dispatching event socket_response
2021-03-25 18:26:48,508:DEBUG:discord.gateway: Keeping shard ID None websocket alive with sequence 4.
2021-03-25 18:26:48,648:DEBUG:discord.client: Dispatching event socket_raw_receive
2021-03-25 18:26:48,648:DEBUG:discord.gateway: For Shard ID None: WebSocket Event: {'t': None, 's': None, 'op': 11, 'd': None}
2021-03-25 18:26:48,648:DEBUG:discord.client: Dispatching event socket_response
2021-03-25 18:27:29,762:DEBUG:discord.gateway: Keeping shard ID None websocket alive with sequence 4.
2021-03-25 18:27:29,902:DEBUG:discord.client: Dispatching event socket_raw_receive
2021-03-25 18:27:29,902:DEBUG:discord.gateway: For Shard ID None: WebSocket Event: {'t': None, 's': None, 'op': 11, 'd': None}
2021-03-25 18:27:29,902:DEBUG:discord.client: Dispatching event socket_response
2021-03-25 18:28:11,015:DEBUG:discord.gateway: Keeping shard ID None websocket alive with sequence 4.
2021-03-25 18:28:11,174:DEBUG:discord.client: Dispatching event socket_raw_receive
2021-03-25 18:28:11,174:DEBUG:discord.gateway: For Shard ID None: WebSocket Event: {'t': None, 's': None, 'op': 11, 'd': None}
2021-03-25 18:28:11,174:DEBUG:discord.client: Dispatching event socket_response
2021-03-25 18:28:50,994:DEBUG:discord.client: Dispatching event socket_raw_receive
2021-03-25 18:28:50,995:DEBUG:discord.gateway: For Shard ID None: WebSocket Event: {'t': 'VOICE_STATE_UPDATE', 's': 5, 'op': 0, 'd': {'member': {'user': {'username': 'Anky', 'id': '334046318735654932', 'discriminator': '5319', 'avatar': '3c94370f3f619c651b5c76cd0629753b'}, 'roles': [], 'premium_since': None, 'pending': False, 'nick': None, 'mute': False, 'joined_at': '2021-02-27T14:03:54.884000+00:00', 'is_pending': False, 'hoisted_role': None, 'deaf': False}, 'user_id': '334046318735654932', 'suppress': False, 'session_id': 'be45412c8722647996a9258ed3626acf', 'self_video': False, 'self_mute': False, 'self_deaf': False, 'request_to_speak_timestamp': None, 'mute': False, 'guild_id': '815222687634817054', 'deaf': False, 'channel_id': '815267876679319602'}}
2021-03-25 18:28:50,995:DEBUG:discord.client: Dispatching event socket_response
2021-03-25 18:28:50,995:DEBUG:discord.client: Dispatching event voice_state_update
2021-03-25 18:28:52,275:DEBUG:discord.gateway: Keeping shard ID None websocket alive with sequence 5.
2021-03-25 18:28:52,433:DEBUG:discord.client: Dispatching event socket_raw_receive
2021-03-25 18:28:52,434:DEBUG:discord.gateway: For Shard ID None: WebSocket Event: {'t': None, 's': None, 'op': 11, 'd': None}
2021-03-25 18:28:52,434:DEBUG:discord.client: Dispatching event socket_response
2021-03-25 18:29:23,900:DEBUG:discord.client: Dispatching event socket_raw_receive
2021-03-25 18:29:23,900:DEBUG:discord.gateway: For Shard ID None: WebSocket Event: {'t': 'VOICE_STATE_UPDATE', 's': 6, 'op': 0, 'd': {'member': {'user': {'username': 'Dashh', 'id': '289108491019223041', 'discriminator': '9837', 'avatar': 'c40b221744dc52154b894ec52c8bb5e3'}, 'roles': [], 'mute': False, 'joined_at': '2021-02-27T20:09:43.318000+00:00', 'hoisted_role': None, 'deaf': False}, 'user_id': '289108491019223041', 'suppress': False, 'session_id': '610aa224568da53c1f0316656f7923a5', 'self_video': False, 'self_mute': False, 'self_deaf': False, 'request_to_speak_timestamp': None, 'mute': False, 'guild_id': '815222687634817054', 'deaf': False, 'channel_id': '815267876679319602'}}
2021-03-25 18:29:23,900:DEBUG:discord.client: Dispatching event socket_response
2021-03-25 18:29:23,900:DEBUG:discord.client: Dispatching event voice_state_update
2021-03-25 18:29:33,532:DEBUG:discord.gateway: Keeping shard ID None websocket alive with sequence 6.
2021-03-25 18:29:33,669:DEBUG:discord.client: Dispatching event socket_raw_receive
2021-03-25 18:29:33,669:DEBUG:discord.gateway: For Shard ID None: WebSocket Event: {'t': None, 's': None, 'op': 11, 'd': None}
2021-03-25 18:29:33,669:DEBUG:discord.client: Dispatching event socket_response
2021-03-25 18:29:44,310:DEBUG:discord.gateway: Received WSMessage(type=<WSMsgType.CLOSE: 8>, data=1001, extra='CloudFlare WebSocket proxy restarting')
2021-03-25 18:29:44,310:INFO:discord.gateway: Websocket closed with 1001, attempting a reconnect.
2021-03-25 18:29:44,310:INFO:discord.client: Got a request to RESUME the websocket.
2021-03-25 18:29:44,310:DEBUG:discord.client: Dispatching event disconnect
2021-03-25 18:29:46,728:DEBUG:discord.http: GET https://discord.com/api/v7/gateway with None has returned 200
2021-03-25 18:29:46,729:DEBUG:discord.http: GET https://discord.com/api/v7/gateway has received {'url': 'wss://gateway.discord.gg'}
2021-03-25 18:29:49,856:DEBUG:discord.gateway: Created websocket connected to wss://gateway.discord.gg?encoding=json&v=6&compress=zlib-stream
2021-03-25 18:29:49,856:DEBUG:discord.client: Dispatching event socket_raw_receive
2021-03-25 18:29:49,856:DEBUG:discord.gateway: For Shard ID None: WebSocket Event: {'t': None, 's': None, 'op': 10, 'd': {'heartbeat_interval': 41250, '_trace': ['["gateway-prd-main-q3qc",{"micros":0.0}]']}}
2021-03-25 18:29:49,856:DEBUG:discord.client: Dispatching event socket_response
2021-03-25 18:29:49,856:DEBUG:discord.client: Dispatching event socket_raw_send
2021-03-25 18:29:49,857:DEBUG:discord.client: Dispatching event socket_raw_send
2021-03-25 18:29:49,857:INFO:discord.gateway: Shard ID None has sent the RESUME payload.
2021-03-25 18:29:50,002:DEBUG:discord.client: Dispatching event socket_raw_receive
2021-03-25 18:29:50,002:DEBUG:discord.gateway: For Shard ID None: WebSocket Event: {'t': None, 's': None, 'op': 11, 'd': None}
2021-03-25 18:29:50,002:DEBUG:discord.client: Dispatching event socket_response
2021-03-25 18:29:50,008:DEBUG:discord.client: Dispatching event socket_raw_receive
2021-03-25 18:29:50,008:DEBUG:discord.gateway: For Shard ID None: WebSocket Event: {'t': 'VOICE_STATE_UPDATE', 's': 7, 'op': 0, 'd': {'member': {'user': {'username': 'Anky', 'id': '334046318735654932', 'discriminator': '5319', 'avatar': '3c94370f3f619c651b5c76cd0629753b'}, 'roles': [], 'premium_since': None, 'pending': False, 'nick': None, 'mute': False, 'joined_at': '2021-02-27T14:03:54.884000+00:00', 'is_pending': False, 'hoisted_role': None, 'deaf': False}, 'user_id': '334046318735654932', 'suppress': False, 'session_id': 'be45412c8722647996a9258ed3626acf', 'self_video': False, 'self_stream': True, 'self_mute': False, 'self_deaf': False, 'request_to_speak_timestamp': None, 'mute': False, 'guild_id': '815222687634817054', 'deaf': False, 'channel_id': '815267876679319602'}}
2021-03-25 18:29:50,008:DEBUG:discord.client: Dispatching event socket_response
2021-03-25 18:29:50,008:DEBUG:discord.client: Dispatching event voice_state_update
2021-03-25 18:29:50,008:DEBUG:discord.client: Dispatching event socket_raw_receive
2021-03-25 18:29:50,008:DEBUG:discord.gateway: For Shard ID None: WebSocket Event: {'t': 'RESUMED', 's': 8, 'op': 0, 'd': {'_trace': ['["gateway-prd-main-q3qc",{"micros":7427,"calls":["discord-sessions-prd-2-45",{"micros":33}]}]']}}
2021-03-25 18:29:50,009:DEBUG:discord.client: Dispatching event socket_response
2021-03-25 18:29:50,009:INFO:discord.gateway: Shard ID None has successfully RESUMED session ba4799166285fca00c505180bcb39248 under trace ["gateway-prd-main-q3qc",{"micros":7427,"calls":["discord-sessions-prd-2-45",{"micros":33}]}].
2021-03-25 18:29:50,009:DEBUG:discord.client: Dispatching event resumed
2021-03-25 18:30:31,117:DEBUG:discord.gateway: Keeping shard ID None websocket alive with sequence 8.
2021-03-25 18:30:31,255:DEBUG:discord.client: Dispatching event socket_raw_receive
2021-03-25 18:30:31,255:DEBUG:discord.gateway: For Shard ID None: WebSocket Event: {'t': None, 's': None, 'op': 11, 'd': None}
2021-03-25 18:30:31,255:DEBUG:discord.client: Dispatching event socket_response
2021-03-25 18:31:12,378:DEBUG:discord.gateway: Keeping shard ID None websocket alive with sequence 8.
2021-03-25 18:31:12,521:DEBUG:discord.client: Dispatching event socket_raw_receive
2021-03-25 18:31:12,521:DEBUG:discord.gateway: For Shard ID None: WebSocket Event: {'t': None, 's': None, 'op': 11, 'd': None}
2021-03-25 18:31:12,521:DEBUG:discord.client: Dispatching event socket_response
2021-03-25 18:31:53,638:DEBUG:discord.gateway: Keeping shard ID None websocket alive with sequence 8.
2021-03-25 18:31:53,781:DEBUG:discord.client: Dispatching event socket_raw_receive
2021-03-25 18:31:53,782:DEBUG:discord.gateway: For Shard ID None: WebSocket Event: {'t': None, 's': None, 'op': 11, 'd': None}
2021-03-25 18:31:53,782:DEBUG:discord.client: Dispatching event socket_response
2021-03-25 18:32:34,894:DEBUG:discord.gateway: Keeping shard ID None websocket alive with sequence 8.
2021-03-25 18:32:35,036:DEBUG:discord.client: Dispatching event socket_raw_receive
2021-03-25 18:32:35,036:DEBUG:discord.gateway: For Shard ID None: WebSocket Event: {'t': None, 's': None, 'op': 11, 'd': None}
2021-03-25 18:32:35,036:DEBUG:discord.client: Dispatching event socket_response
2021-03-25 18:33:16,154:DEBUG:discord.gateway: Keeping shard ID None websocket alive with sequence 8.
2021-03-25 18:33:16,294:DEBUG:discord.client: Dispatching event socket_raw_receive
2021-03-25 18:33:16,294:DEBUG:discord.gateway: For Shard ID None: WebSocket Event: {'t': None, 's': None, 'op': 11, 'd': None}
2021-03-25 18:33:16,295:DEBUG:discord.client: Dispatching event socket_response
2021-03-25 18:33:57,418:DEBUG:discord.gateway: Keeping shard ID None websocket alive with sequence 8.
2021-03-25 18:33:57,556:DEBUG:discord.client: Dispatching event socket_raw_receive
2021-03-25 18:33:57,557:DEBUG:discord.gateway: For Shard ID None: WebSocket Event: {'t': None, 's': None, 'op': 11, 'd': None}
2021-03-25 18:33:57,557:DEBUG:discord.client: Dispatching event socket_response
2021-03-25 18:34:38,673:DEBUG:discord.gateway: Keeping shard ID None websocket alive with sequence 8.
2021-03-25 18:34:38,813:DEBUG:discord.client: Dispatching event socket_raw_receive
2021-03-25 18:34:38,813:DEBUG:discord.gateway: For Shard ID None: WebSocket Event: {'t': None, 's': None, 'op': 11, 'd': None}
2021-03-25 18:34:38,813:DEBUG:discord.client: Dispatching event socket_response
2021-03-25 18:35:19,923:DEBUG:discord.gateway: Keeping shard ID None websocket alive with sequence 8.
2021-03-25 18:35:20,062:DEBUG:discord.client: Dispatching event socket_raw_receive
2021-03-25 18:35:20,062:DEBUG:discord.gateway: For Shard ID None: WebSocket Event: {'t': None, 's': None, 'op': 11, 'd': None}
2021-03-25 18:35:20,062:DEBUG:discord.client: Dispatching event socket_response
2021-03-25 18:36:01,182:DEBUG:discord.gateway: Keeping shard ID None websocket alive with sequence 8.
2021-03-25 18:36:01,319:DEBUG:discord.client: Dispatching event socket_raw_receive
2021-03-25 18:36:01,319:DEBUG:discord.gateway: For Shard ID None: WebSocket Event: {'t': None, 's': None, 'op': 11, 'd': None}
2021-03-25 18:36:01,319:DEBUG:discord.client: Dispatching event socket_response
2021-03-25 18:36:42,434:DEBUG:discord.gateway: Keeping shard ID None websocket alive with sequence 8.
2021-03-25 18:36:42,572:DEBUG:discord.client: Dispatching event socket_raw_receive
2021-03-25 18:36:42,572:DEBUG:discord.gateway: For Shard ID None: WebSocket Event: {'t': None, 's': None, 'op': 11, 'd': None}
2021-03-25 18:36:42,572:DEBUG:discord.client: Dispatching event socket_response
2021-03-25 18:37:12,852:DEBUG:discord.client: Dispatching event socket_raw_receive
2021-03-25 18:37:12,852:DEBUG:discord.gateway: For Shard ID None: WebSocket Event: {'t': 'VOICE_STATE_UPDATE', 's': 9, 'op': 0, 'd': {'member': {'user': {'username': 'Anky', 'id': '334046318735654932', 'discriminator': '5319', 'avatar': '3c94370f3f619c651b5c76cd0629753b'}, 'roles': [], 'premium_since': None, 'pending': False, 'nick': None, 'mute': False, 'joined_at': '2021-02-27T14:03:54.884000+00:00', 'is_pending': False, 'hoisted_role': None, 'deaf': False}, 'user_id': '334046318735654932', 'suppress': False, 'session_id': 'be45412c8722647996a9258ed3626acf', 'self_video': False, 'self_mute': False, 'self_deaf': False, 'request_to_speak_timestamp': None, 'mute': False, 'guild_id': '815222687634817054', 'deaf': False, 'channel_id': '815267876679319602'}}
2021-03-25 18:37:12,852:DEBUG:discord.client: Dispatching event socket_response
2021-03-25 18:37:12,852:DEBUG:discord.client: Dispatching event voice_state_update
2021-03-25 18:37:23,693:DEBUG:discord.gateway: Keeping shard ID None websocket alive with sequence 9.
2021-03-25 18:37:23,845:DEBUG:discord.client: Dispatching event socket_raw_receive
2021-03-25 18:37:23,846:DEBUG:discord.gateway: For Shard ID None: WebSocket Event: {'t': None, 's': None, 'op': 11, 'd': None}
2021-03-25 18:37:23,846:DEBUG:discord.client: Dispatching event socket_response
2021-03-25 18:38:04,955:DEBUG:discord.gateway: Keeping shard ID None websocket alive with sequence 9.
2021-03-25 18:38:05,095:DEBUG:discord.client: Dispatching event socket_raw_receive
2021-03-25 18:38:05,095:DEBUG:discord.gateway: For Shard ID None: WebSocket Event: {'t': None, 's': None, 'op': 11, 'd': None}
2021-03-25 18:38:05,095:DEBUG:discord.client: Dispatching event socket_response
2021-03-25 18:38:46,214:DEBUG:discord.gateway: Keeping shard ID None websocket alive with sequence 9.
2021-03-25 18:38:46,351:DEBUG:discord.client: Dispatching event socket_raw_receive
2021-03-25 18:38:46,351:DEBUG:discord.gateway: For Shard ID None: WebSocket Event: {'t': None, 's': None, 'op': 11, 'd': None}
2021-03-25 18:38:46,351:DEBUG:discord.client: Dispatching event socket_response
2021-03-25 18:39:27,468:DEBUG:discord.gateway: Keeping shard ID None websocket alive with sequence 9.
2021-03-25 18:39:27,605:DEBUG:discord.client: Dispatching event socket_raw_receive
2021-03-25 18:39:27,605:DEBUG:discord.gateway: For Shard ID None: WebSocket Event: {'t': None, 's': None, 'op': 11, 'd': None}
2021-03-25 18:39:27,606:DEBUG:discord.client: Dispatching event socket_response
2021-03-25 18:40:08,729:DEBUG:discord.gateway: Keeping shard ID None websocket alive with sequence 9.
2021-03-25 18:40:08,877:DEBUG:discord.client: Dispatching event socket_raw_receive
2021-03-25 18:40:08,877:DEBUG:discord.gateway: For Shard ID None: WebSocket Event: {'t': None, 's': None, 'op': 11, 'd': None}
2021-03-25 18:40:08,877:DEBUG:discord.client: Dispatching event socket_response
2021-03-25 18:40:49,988:DEBUG:discord.gateway: Keeping shard ID None websocket alive with sequence 9.
2021-03-25 18:40:50,126:DEBUG:discord.client: Dispatching event socket_raw_receive
2021-03-25 18:40:50,126:DEBUG:discord.gateway: For Shard ID None: WebSocket Event: {'t': None, 's': None, 'op': 11, 'd': None}
2021-03-25 18:40:50,126:DEBUG:discord.client: Dispatching event socket_response
2021-03-25 18:41:18,681:DEBUG:discord.client: Dispatching event socket_raw_receive
2021-03-25 18:41:18,681:DEBUG:discord.gateway: For Shard ID None: WebSocket Event: {'t': 'VOICE_STATE_UPDATE', 's': 10, 'op': 0, 'd': {'member': {'user': {'username': 'Haricles', 'id': '682300428628787247', 'discriminator': '2527', 'avatar': 'bb228fc16160e3a4c73c2db03df025b4'}, 'roles': [], 'premium_since': None, 'pending': False, 'nick': None, 'mute': False, 'joined_at': '2021-03-11T18:03:15.338709+00:00', 'is_pending': False, 'hoisted_role': None, 'deaf': False}, 'user_id': '682300428628787247', 'suppress': False, 'session_id': 'fa6f0f17034dbf3f10e5457271e0d5be', 'self_video': False, 'self_mute': True, 'self_deaf': False, 'request_to_speak_timestamp': None, 'mute': False, 'guild_id': '815222687634817054', 'deaf': False, 'channel_id': '815267876679319602'}}
2021-03-25 18:41:18,682:DEBUG:discord.client: Dispatching event socket_response
2021-03-25 18:41:18,682:DEBUG:discord.client: Dispatching event voice_state_update
2021-03-25 18:41:30,953:DEBUG:discord.client: Dispatching event socket_raw_receive
2021-03-25 18:41:30,954:DEBUG:discord.gateway: For Shard ID None: WebSocket Event: {'t': 'VOICE_STATE_UPDATE', 's': 11, 'op': 0, 'd': {'member': {'user': {'username': 'Haricles', 'id': '682300428628787247', 'discriminator': '2527', 'avatar': 'bb228fc16160e3a4c73c2db03df025b4'}, 'roles': [], 'premium_since': None, 'pending': False, 'nick': None, 'mute': False, 'joined_at': '2021-03-11T18:03:15.338709+00:00', 'is_pending': False, 'hoisted_role': None, 'deaf': False}, 'user_id': '682300428628787247', 'suppress': False, 'session_id': 'fa6f0f17034dbf3f10e5457271e0d5be', 'self_video': False, 'self_mute': False, 'self_deaf': False, 'request_to_speak_timestamp': None, 'mute': False, 'guild_id': '815222687634817054', 'deaf': False, 'channel_id': '815267876679319602'}}
2021-03-25 18:41:30,954:DEBUG:discord.client: Dispatching event socket_response
2021-03-25 18:41:30,954:DEBUG:discord.client: Dispatching event voice_state_update
2021-03-25 18:41:31,251:DEBUG:discord.gateway: Keeping shard ID None websocket alive with sequence 11.
2021-03-25 18:41:31,403:DEBUG:discord.client: Dispatching event socket_raw_receive
2021-03-25 18:41:31,403:DEBUG:discord.gateway: For Shard ID None: WebSocket Event: {'t': None, 's': None, 'op': 11, 'd': None}
2021-03-25 18:41:31,403:DEBUG:discord.client: Dispatching event socket_response
2021-03-25 18:41:46,992:DEBUG:discord.client: Dispatching event socket_raw_receive
2021-03-25 18:41:46,992:DEBUG:discord.gateway: For Shard ID None: WebSocket Event: {'t': 'VOICE_STATE_UPDATE', 's': 12, 'op': 0, 'd': {'member': {'user': {'username': 'Haricles', 'id': '682300428628787247', 'discriminator': '2527', 'avatar': 'bb228fc16160e3a4c73c2db03df025b4'}, 'roles': [], 'premium_since': None, 'pending': False, 'nick': None, 'mute': False, 'joined_at': '2021-03-11T18:03:15.338709+00:00', 'is_pending': False, 'hoisted_role': None, 'deaf': False}, 'user_id': '682300428628787247', 'suppress': False, 'session_id': 'fa6f0f17034dbf3f10e5457271e0d5be', 'self_video': False, 'self_mute': False, 'self_deaf': False, 'request_to_speak_timestamp': None, 'mute': False, 'guild_id': '815222687634817054', 'deaf': False, 'channel_id': None}}
2021-03-25 18:41:46,992:DEBUG:discord.client: Dispatching event socket_response
2021-03-25 18:41:46,992:DEBUG:discord.client: Dispatching event voice_state_update
2021-03-25 18:42:12,515:DEBUG:discord.gateway: Keeping shard ID None websocket alive with sequence 12.
2021-03-25 18:42:12,654:DEBUG:discord.client: Dispatching event socket_raw_receive
2021-03-25 18:42:12,654:DEBUG:discord.gateway: For Shard ID None: WebSocket Event: {'t': None, 's': None, 'op': 11, 'd': None}
2021-03-25 18:42:12,654:DEBUG:discord.client: Dispatching event socket_response
2021-03-25 18:42:53,776:DEBUG:discord.gateway: Keeping shard ID None websocket alive with sequence 12.
2021-03-25 18:42:53,914:DEBUG:discord.client: Dispatching event socket_raw_receive
2021-03-25 18:42:53,914:DEBUG:discord.gateway: For Shard ID None: WebSocket Event: {'t': None, 's': None, 'op': 11, 'd': None}
2021-03-25 18:42:53,914:DEBUG:discord.client: Dispatching event socket_response
2021-03-25 18:43:35,035:DEBUG:discord.gateway: Keeping shard ID None websocket alive with sequence 12.
2021-03-25 18:43:35,172:DEBUG:discord.client: Dispatching event socket_raw_receive
2021-03-25 18:43:35,173:DEBUG:discord.gateway: For Shard ID None: WebSocket Event: {'t': None, 's': None, 'op': 11, 'd': None}
2021-03-25 18:43:35,173:DEBUG:discord.client: Dispatching event socket_response
2021-03-25 18:44:16,300:DEBUG:discord.gateway: Keeping shard ID None websocket alive with sequence 12.
2021-03-25 18:44:16,438:DEBUG:discord.client: Dispatching event socket_raw_receive
2021-03-25 18:44:16,438:DEBUG:discord.gateway: For Shard ID None: WebSocket Event: {'t': None, 's': None, 'op': 11, 'd': None}
2021-03-25 18:44:16,438:DEBUG:discord.client: Dispatching event socket_response
2021-03-25 18:44:57,560:DEBUG:discord.gateway: Keeping shard ID None websocket alive with sequence 12.
2021-03-25 18:44:57,700:DEBUG:discord.client: Dispatching event socket_raw_receive
2021-03-25 18:44:57,700:DEBUG:discord.gateway: For Shard ID None: WebSocket Event: {'t': None, 's': None, 'op': 11, 'd': None}
2021-03-25 18:44:57,700:DEBUG:discord.client: Dispatching event socket_response
2021-03-25 18:45:38,816:DEBUG:discord.gateway: Keeping shard ID None websocket alive with sequence 12.
2021-03-25 18:45:38,957:DEBUG:discord.client: Dispatching event socket_raw_receive
2021-03-25 18:45:38,957:DEBUG:discord.gateway: For Shard ID None: WebSocket Event: {'t': None, 's': None, 'op': 11, 'd': None}
2021-03-25 18:45:38,957:DEBUG:discord.client: Dispatching event socket_response
2021-03-25 18:46:20,080:DEBUG:discord.gateway: Keeping shard ID None websocket alive with sequence 12.
2021-03-25 18:46:20,220:DEBUG:discord.client: Dispatching event socket_raw_receive
2021-03-25 18:46:20,221:DEBUG:discord.gateway: For Shard ID None: WebSocket Event: {'t': None, 's': None, 'op': 11, 'd': None}
2021-03-25 18:46:20,221:DEBUG:discord.client: Dispatching event socket_response
2021-03-25 18:47:01,333:DEBUG:discord.gateway: Keeping shard ID None websocket alive with sequence 12.
2021-03-25 18:47:01,471:DEBUG:discord.client: Dispatching event socket_raw_receive
2021-03-25 18:47:01,471:DEBUG:discord.gateway: For Shard ID None: WebSocket Event: {'t': None, 's': None, 'op': 11, 'd': None}
2021-03-25 18:47:01,471:DEBUG:discord.client: Dispatching event socket_response
2021-03-25 18:47:42,593:DEBUG:discord.gateway: Keeping shard ID None websocket alive with sequence 12.
2021-03-25 18:47:42,740:DEBUG:discord.client: Dispatching event socket_raw_receive
2021-03-25 18:47:42,740:DEBUG:discord.gateway: For Shard ID None: WebSocket Event: {'t': None, 's': None, 'op': 11, 'd': None}
2021-03-25 18:47:42,740:DEBUG:discord.client: Dispatching event socket_response
2021-03-25 18:48:23,846:DEBUG:discord.gateway: Keeping shard ID None websocket alive with sequence 12.
2021-03-25 18:48:23,983:DEBUG:discord.client: Dispatching event socket_raw_receive
2021-03-25 18:48:23,983:DEBUG:discord.gateway: For Shard ID None: WebSocket Event: {'t': None, 's': None, 'op': 11, 'd': None}
2021-03-25 18:48:23,983:DEBUG:discord.client: Dispatching event socket_response
2021-03-25 18:49:05,110:DEBUG:discord.gateway: Keeping shard ID None websocket alive with sequence 12.
2021-03-25 18:49:05,249:DEBUG:discord.client: Dispatching event socket_raw_receive
2021-03-25 18:49:05,249:DEBUG:discord.gateway: For Shard ID None: WebSocket Event: {'t': None, 's': None, 'op': 11, 'd': None}
2021-03-25 18:49:05,249:DEBUG:discord.client: Dispatching event socket_response
2021-03-25 18:49:46,375:DEBUG:discord.gateway: Keeping shard ID None websocket alive with sequence 12.
2021-03-25 18:49:46,519:DEBUG:discord.client: Dispatching event socket_raw_receive
2021-03-25 18:49:46,519:DEBUG:discord.gateway: For Shard ID None: WebSocket Event: {'t': None, 's': None, 'op': 11, 'd': None}
2021-03-25 18:49:46,519:DEBUG:discord.client: Dispatching event socket_response
2021-03-25 18:50:27,638:DEBUG:discord.gateway: Keeping shard ID None websocket alive with sequence 12.
2021-03-25 18:50:27,782:DEBUG:discord.client: Dispatching event socket_raw_receive
2021-03-25 18:50:27,782:DEBUG:discord.gateway: For Shard ID None: WebSocket Event: {'t': None, 's': None, 'op': 11, 'd': None}
2021-03-25 18:50:27,782:DEBUG:discord.client: Dispatching event socket_response
2021-03-25 18:50:51,713:DEBUG:discord.client: Dispatching event socket_raw_receive
2021-03-25 18:50:51,713:DEBUG:discord.gateway: For Shard ID None: WebSocket Event: {'t': 'VOICE_STATE_UPDATE', 's': 13, 'op': 0, 'd': {'member': {'user': {'username': 'Anky', 'id': '334046318735654932', 'discriminator': '5319', 'avatar': '3c94370f3f619c651b5c76cd0629753b'}, 'roles': [], 'premium_since': None, 'pending': False, 'nick': None, 'mute': False, 'joined_at': '2021-02-27T14:03:54.884000+00:00', 'is_pending': False, 'hoisted_role': None, 'deaf': False}, 'user_id': '334046318735654932', 'suppress': False, 'session_id': 'be45412c8722647996a9258ed3626acf', 'self_video': False, 'self_mute': True, 'self_deaf': False, 'request_to_speak_timestamp': None, 'mute': False, 'guild_id': '815222687634817054', 'deaf': False, 'channel_id': '815267876679319602'}}
2021-03-25 18:50:51,713:DEBUG:discord.client: Dispatching event socket_response
2021-03-25 18:50:51,713:DEBUG:discord.client: Dispatching event voice_state_update
2021-03-25 18:51:08,904:DEBUG:discord.gateway: Keeping shard ID None websocket alive with sequence 13.
2021-03-25 18:51:09,045:DEBUG:discord.client: Dispatching event socket_raw_receive
2021-03-25 18:51:09,045:DEBUG:discord.gateway: For Shard ID None: WebSocket Event: {'t': None, 's': None, 'op': 11, 'd': None}
2021-03-25 18:51:09,045:DEBUG:discord.client: Dispatching event socket_response
2021-03-25 18:51:50,157:DEBUG:discord.gateway: Keeping shard ID None websocket alive with sequence 13.
2021-03-25 18:51:50,306:DEBUG:discord.client: Dispatching event socket_raw_receive
2021-03-25 18:51:50,306:DEBUG:discord.gateway: For Shard ID None: WebSocket Event: {'t': None, 's': None, 'op': 11, 'd': None}
2021-03-25 18:51:50,306:DEBUG:discord.client: Dispatching event socket_response
2021-03-25 18:52:31,421:DEBUG:discord.gateway: Keeping shard ID None websocket alive with sequence 13.
2021-03-25 18:52:31,560:DEBUG:discord.client: Dispatching event socket_raw_receive
2021-03-25 18:52:31,560:DEBUG:discord.gateway: For Shard ID None: WebSocket Event: {'t': None, 's': None, 'op': 11, 'd': None}
2021-03-25 18:52:31,560:DEBUG:discord.client: Dispatching event socket_response
2021-03-25 18:53:12,675:DEBUG:discord.gateway: Keeping shard ID None websocket alive with sequence 13.
2021-03-25 18:53:12,815:DEBUG:discord.client: Dispatching event socket_raw_receive
2021-03-25 18:53:12,816:DEBUG:discord.gateway: For Shard ID None: WebSocket Event: {'t': None, 's': None, 'op': 11, 'd': None}
2021-03-25 18:53:12,816:DEBUG:discord.client: Dispatching event socket_response
2021-03-25 18:53:53,939:DEBUG:discord.gateway: Keeping shard ID None websocket alive with sequence 13.
2021-03-25 18:53:54,088:DEBUG:discord.client: Dispatching event socket_raw_receive
2021-03-25 18:53:54,088:DEBUG:discord.gateway: For Shard ID None: WebSocket Event: {'t': None, 's': None, 'op': 11, 'd': None}
2021-03-25 18:53:54,088:DEBUG:discord.client: Dispatching event socket_response
2021-03-25 18:54:35,194:DEBUG:discord.gateway: Keeping shard ID None websocket alive with sequence 13.
2021-03-25 18:54:35,337:DEBUG:discord.client: Dispatching event socket_raw_receive
2021-03-25 18:54:35,337:DEBUG:discord.gateway: For Shard ID None: WebSocket Event: {'t': None, 's': None, 'op': 11, 'd': None}
2021-03-25 18:54:35,337:DEBUG:discord.client: Dispatching event socket_response
2021-03-25 18:55:16,454:DEBUG:discord.gateway: Keeping shard ID None websocket alive with sequence 13.
2021-03-25 18:55:16,595:DEBUG:discord.client: Dispatching event socket_raw_receive
2021-03-25 18:55:16,595:DEBUG:discord.gateway: For Shard ID None: WebSocket Event: {'t': None, 's': None, 'op': 11, 'd': None}
2021-03-25 18:55:16,595:DEBUG:discord.client: Dispatching event socket_response
2021-03-25 18:55:57,717:DEBUG:discord.gateway: Keeping shard ID None websocket alive with sequence 13.
2021-03-25 18:55:57,857:DEBUG:discord.client: Dispatching event socket_raw_receive
2021-03-25 18:55:57,858:DEBUG:discord.gateway: For Shard ID None: WebSocket Event: {'t': None, 's': None, 'op': 11, 'd': None}
2021-03-25 18:55:57,858:DEBUG:discord.client: Dispatching event socket_response
2021-03-25 18:56:38,977:DEBUG:discord.gateway: Keeping shard ID None websocket alive with sequence 13.
2021-03-25 18:56:39,116:DEBUG:discord.client: Dispatching event socket_raw_receive
2021-03-25 18:56:39,116:DEBUG:discord.gateway: For Shard ID None: WebSocket Event: {'t': None, 's': None, 'op': 11, 'd': None}
2021-03-25 18:56:39,116:DEBUG:discord.client: Dispatching event socket_response
2021-03-25 18:57:20,236:DEBUG:discord.gateway: Keeping shard ID None websocket alive with sequence 13.
2021-03-25 18:57:20,377:DEBUG:discord.client: Dispatching event socket_raw_receive
2021-03-25 18:57:20,377:DEBUG:discord.gateway: For Shard ID None: WebSocket Event: {'t': None, 's': None, 'op': 11, 'd': None}
2021-03-25 18:57:20,377:DEBUG:discord.client: Dispatching event socket_response
2021-03-25 18:58:01,491:DEBUG:discord.gateway: Keeping shard ID None websocket alive with sequence 13.
2021-03-25 18:58:01,631:DEBUG:discord.client: Dispatching event socket_raw_receive
2021-03-25 18:58:01,631:DEBUG:discord.gateway: For Shard ID None: WebSocket Event: {'t': None, 's': None, 'op': 11, 'd': None}
2021-03-25 18:58:01,632:DEBUG:discord.client: Dispatching event socket_response
2021-03-25 18:58:42,748:DEBUG:discord.gateway: Keeping shard ID None websocket alive with sequence 13.
2021-03-25 18:58:42,889:DEBUG:discord.client: Dispatching event socket_raw_receive
2021-03-25 18:58:42,889:DEBUG:discord.gateway: For Shard ID None: WebSocket Event: {'t': None, 's': None, 'op': 11, 'd': None}
2021-03-25 18:58:42,889:DEBUG:discord.client: Dispatching event socket_response
2021-03-25 18:59:05,516:INFO:discord.client: Received signal to terminate bot and event loop.
2021-03-25 18:59:05,517:INFO:discord.client: Cleaning up tasks.
2021-03-25 18:59:05,517:INFO:discord.client: Cleaning up after 1 tasks.
2021-03-25 18:59:05,519:INFO:discord.client: All tasks finished cancelling.
2021-03-25 18:59:05,519:INFO:discord.client: Closing the event loop.
